{"$message_type":"diagnostic","level":"warning","loc":{"path":"/home/mizchi/mizchi/lsmcp/examples/moonbit-project/src/test/error.mbt","start":{"line":3,"col":4},"end":{"line":3,"col":19}},"message":"Warning: Unused function 'test_type_error'","error_code":1}
{"$message_type":"diagnostic","level":"error","loc":{"path":"/home/mizchi/mizchi/lsmcp/examples/moonbit-project/src/test/error.mbt","start":{"line":3,"col":4},"end":{"line":3,"col":19}},"message":"Missing type annotation for the return value.","error_code":4074}
{"$message_type":"diagnostic","level":"error","loc":{"path":"/home/mizchi/mizchi/lsmcp/examples/moonbit-project/src/test/error.mbt","start":{"line":4,"col":19},"end":{"line":4,"col":21}},"message":"Expr Type Mismatch\n        has type : Int\n        wanted   : String","error_code":4014}
{"$message_type":"diagnostic","level":"warning","loc":{"path":"/home/mizchi/mizchi/lsmcp/examples/moonbit-project/src/test/error.mbt","start":{"line":8,"col":4},"end":{"line":8,"col":27}},"message":"Warning: Unused function 'test_undefined_variable'","error_code":1}
{"$message_type":"diagnostic","level":"error","loc":{"path":"/home/mizchi/mizchi/lsmcp/examples/moonbit-project/src/test/error.mbt","start":{"line":8,"col":4},"end":{"line":8,"col":27}},"message":"Missing type annotation for the return value.","error_code":4074}
{"$message_type":"diagnostic","level":"error","loc":{"path":"/home/mizchi/mizchi/lsmcp/examples/moonbit-project/src/test/error.mbt","start":{"line":9,"col":11},"end":{"line":9,"col":24}},"message":"The value identifier undefined_var is unbound.","error_code":4021}
{"$message_type":"diagnostic","level":"warning","loc":{"path":"/home/mizchi/mizchi/lsmcp/examples/moonbit-project/src/test/error.mbt","start":{"line":12,"col":4},"end":{"line":12,"col":20}},"message":"Warning: Unused function 'test_wrong_arity'","error_code":1}
{"$message_type":"diagnostic","level":"error","loc":{"path":"/home/mizchi/mizchi/lsmcp/examples/moonbit-project/src/test/error.mbt","start":{"line":12,"col":4},"end":{"line":12,"col":20}},"message":"Missing type annotation for the return value.","error_code":4074}
{"$message_type":"diagnostic","level":"error","loc":{"path":"/home/mizchi/mizchi/lsmcp/examples/moonbit-project/src/test/error.mbt","start":{"line":13,"col":16},"end":{"line":13,"col":19}},"message":"The value identifier add is unbound.","error_code":4021}
{"$message_type":"diagnostic","level":"warning","loc":{"path":"/home/mizchi/mizchi/lsmcp/examples/moonbit-project/src/test/error.mbt","start":{"line":17,"col":4},"end":{"line":17,"col":23}},"message":"Warning: Unused function 'test_missing_return'","error_code":1}
{"$message_type":"diagnostic","level":"error","loc":{"path":"/home/mizchi/mizchi/lsmcp/examples/moonbit-project/src/test/error.mbt","start":{"line":18,"col":3},"end":{"line":18,"col":30}},"message":"Expr Type Mismatch\n        has type : Unit\n        wanted   : Int","error_code":4014}
{"$message_type":"diagnostic","level":"error","loc":{"path":"/home/mizchi/mizchi/lsmcp/examples/moonbit-project/src/test/error.mbt","start":{"line":22,"col":8},"end":{"line":22,"col":28}},"message":"Missing type annotation for the return value.","error_code":4074}
{"$message_type":"diagnostic","level":"warning","loc":{"path":"/home/mizchi/mizchi/lsmcp/examples/moonbit-project/src/test/error.mbt","start":{"line":24,"col":7},"end":{"line":24,"col":13}},"message":"Warning: Unused variable 'unused'","error_code":2}
{"$message_type":"diagnostic","level":"warning","loc":{"path":"/home/mizchi/mizchi/lsmcp/examples/moonbit-project/src/test/moon.pkg.json","start":{"line":3,"col":5},"end":{"line":3,"col":27}},"message":"Warning: Unused package 'moonbit-test/src/lib'","error_code":29}
{"$message_type":"diagnostic","level":"warning","loc":{"path":"/home/mizchi/mizchi/lsmcp/examples/moonbit-project/src/test/test.mbt","start":{"line":1,"col":4},"end":{"line":1,"col":9}},"message":"Warning: Unused function 'hello'","error_code":1}
{"$message_type":"diagnostic","level":"warning","loc":{"path":"/home/mizchi/mizchi/lsmcp/examples/moonbit-project/src/test/test.mbt","start":{"line":5,"col":5},"end":{"line":5,"col":6}},"message":"Warning: Unused toplevel variable 'x'. Note if the body contains side effect, it will not happen. Use `fn init { .. }` to wrap the effect.","error_code":2}
{"$message_type":"diagnostic","level":"warning","loc":{"path":"/home/mizchi/mizchi/lsmcp/examples/moonbit-project/src/test/test.mbt","start":{"line":8,"col":4},"end":{"line":8,"col":16}},"message":"Warning: Unused function 'syntax_error'","error_code":1}
{"$message_type":"diagnostic","level":"error","loc":{"path":"/home/mizchi/mizchi/lsmcp/examples/moonbit-project/src/test/test.mbt","start":{"line":8,"col":4},"end":{"line":8,"col":16}},"message":"Missing type annotation for the return value.","error_code":4074}
{"$message_type":"diagnostic","level":"warning","loc":{"path":"/home/mizchi/mizchi/lsmcp/examples/moonbit-project/src/test/test.mbt","start":{"line":9,"col":7},"end":{"line":9,"col":8}},"message":"Warning: Unused variable 'x'","error_code":2}
{"$message_type":"diagnostic","level":"error","loc":{"path":"/home/mizchi/mizchi/lsmcp/examples/moonbit-project/src/test/test.mbt","start":{"line":11,"col":1},"end":{"line":11,"col":2}},"message":"Parse error, unexpected token `}`, you may expect simple expression.","error_code":3002}
{"$message_type":"diagnostic","level":"warning","loc":{"path":"/home/mizchi/mizchi/lsmcp/examples/moonbit-project/src/test/test_diagnostics.mbt","start":{"line":4,"col":5},"end":{"line":4,"col":15}},"message":"Warning: Unused toplevel variable 'number_var'. Note if the body contains side effect, it will not happen. Use `fn init { .. }` to wrap the effect.","error_code":2}
{"$message_type":"diagnostic","level":"error","loc":{"path":"/home/mizchi/mizchi/lsmcp/examples/moonbit-project/src/test/test_diagnostics.mbt","start":{"line":4,"col":24},"end":{"line":4,"col":38}},"message":"Expr Type Mismatch\n        has type : String\n        wanted   : Int","error_code":4014}
{"$message_type":"diagnostic","level":"warning","loc":{"path":"/home/mizchi/mizchi/lsmcp/examples/moonbit-project/src/test/test_diagnostics.mbt","start":{"line":7,"col":4},"end":{"line":7,"col":17}},"message":"Warning: Unused function 'use_undefined'","error_code":1}
{"$message_type":"diagnostic","level":"error","loc":{"path":"/home/mizchi/mizchi/lsmcp/examples/moonbit-project/src/test/test_diagnostics.mbt","start":{"line":8,"col":11},"end":{"line":8,"col":29}},"message":"The value identifier undefined_variable is unbound.","error_code":4021}
{"$message_type":"diagnostic","level":"warning","loc":{"path":"/home/mizchi/mizchi/lsmcp/examples/moonbit-project/src/test/test_diagnostics.mbt","start":{"line":16,"col":4},"end":{"line":16,"col":22}},"message":"Warning: Unused function 'test_type_mismatch'","error_code":1}
{"$message_type":"diagnostic","level":"error","loc":{"path":"/home/mizchi/mizchi/lsmcp/examples/moonbit-project/src/test/test_diagnostics.mbt","start":{"line":17,"col":17},"end":{"line":17,"col":20}},"message":"Expr Type Mismatch\n        has type : Int\n        wanted   : String","error_code":4014}
{"$message_type":"diagnostic","level":"warning","loc":{"path":"/home/mizchi/mizchi/lsmcp/examples/moonbit-project/src/test/test_diagnostics.mbt","start":{"line":21,"col":4},"end":{"line":21,"col":19}},"message":"Warning: Unused function 'must_return_int'","error_code":1}
{"$message_type":"diagnostic","level":"error","loc":{"path":"/home/mizchi/mizchi/lsmcp/examples/moonbit-project/src/test/test_diagnostics.mbt","start":{"line":22,"col":3},"end":{"line":22,"col":30}},"message":"Expr Type Mismatch\n        has type : Unit\n        wanted   : Int","error_code":4014}
{"$message_type":"diagnostic","level":"warning","loc":{"path":"/home/mizchi/mizchi/lsmcp/examples/moonbit-project/src/test/test_diagnostics.mbt","start":{"line":27,"col":5},"end":{"line":27,"col":17}},"message":"Warning: Unused toplevel variable 'number_array'. Note if the body contains side effect, it will not happen. Use `fn init { .. }` to wrap the effect.","error_code":2}
{"$message_type":"diagnostic","level":"error","loc":{"path":"/home/mizchi/mizchi/lsmcp/examples/moonbit-project/src/test/test_diagnostics.mbt","start":{"line":27,"col":34},"end":{"line":27,"col":39}},"message":"Expr Type Mismatch\n        has type : String\n        wanted   : Int","error_code":4014}
{"$message_type":"diagnostic","level":"error","loc":{"path":"/home/mizchi/mizchi/lsmcp/examples/moonbit-project/src/test/test_diagnostics.mbt","start":{"line":27,"col":41},"end":{"line":27,"col":46}},"message":"Expr Type Mismatch\n        has type : String\n        wanted   : Int","error_code":4014}
{"$message_type":"diagnostic","level":"error","loc":{"path":"/home/mizchi/mizchi/lsmcp/examples/moonbit-project/src/test/test_diagnostics.mbt","start":{"line":27,"col":48},"end":{"line":27,"col":55}},"message":"Expr Type Mismatch\n        has type : String\n        wanted   : Int","error_code":4014}
{"$message_type":"diagnostic","level":"warning","loc":{"path":"/home/mizchi/mizchi/lsmcp/examples/moonbit-project/src/test/test_diagnostics.mbt","start":{"line":30,"col":6},"end":{"line":30,"col":11}},"message":"Warning: The type 'Color' does not occur in public signature of current package, consider marking it as `priv`.","error_code":4}
{"$message_type":"diagnostic","level":"warning","loc":{"path":"/home/mizchi/mizchi/lsmcp/examples/moonbit-project/src/test/test_diagnostics.mbt","start":{"line":31,"col":3},"end":{"line":31,"col":6}},"message":"Warning: Variant 'Red' is never constructed","error_code":6}
{"$message_type":"diagnostic","level":"warning","loc":{"path":"/home/mizchi/mizchi/lsmcp/examples/moonbit-project/src/test/test_diagnostics.mbt","start":{"line":32,"col":3},"end":{"line":32,"col":8}},"message":"Warning: Variant 'Green' is never constructed","error_code":6}
{"$message_type":"diagnostic","level":"warning","loc":{"path":"/home/mizchi/mizchi/lsmcp/examples/moonbit-project/src/test/test_diagnostics.mbt","start":{"line":33,"col":3},"end":{"line":33,"col":7}},"message":"Warning: Variant 'Blue' is unused","error_code":6}
{"$message_type":"diagnostic","level":"warning","loc":{"path":"/home/mizchi/mizchi/lsmcp/examples/moonbit-project/src/test/test_diagnostics.mbt","start":{"line":36,"col":4},"end":{"line":36,"col":20}},"message":"Warning: Unused function 'incomplete_match'","error_code":1}
{"$message_type":"diagnostic","level":"warning","loc":{"path":"/home/mizchi/mizchi/lsmcp/examples/moonbit-project/src/test/test_diagnostics.mbt","start":{"line":49,"col":4},"end":{"line":49,"col":19}},"message":"Warning: Unused function 'test_wrong_args'","error_code":1}
{"$message_type":"diagnostic","level":"error","loc":{"path":"/home/mizchi/mizchi/lsmcp/examples/moonbit-project/src/test/test_diagnostics.mbt","start":{"line":50,"col":16},"end":{"line":50,"col":33}},"message":"This function has type (Int, Int) -> Int, which requires 2 arguments, but is given 1 arguments.","error_code":4080}
{"$message_type":"diagnostic","level":"warning","loc":{"path":"/home/mizchi/mizchi/lsmcp/examples/moonbit-project/src/test/test_diagnostics.mbt","start":{"line":55,"col":4},"end":{"line":55,"col":24}},"message":"Warning: Unused function 'type_inference_error'","error_code":1}
{"$message_type":"diagnostic","level":"error","loc":{"path":"/home/mizchi/mizchi/lsmcp/examples/moonbit-project/src/test/test_diagnostics.mbt","start":{"line":57,"col":20},"end":{"line":57,"col":21}},"message":"Expr Type Mismatch\n        has type : Int\n        wanted   : String","error_code":4014}
{"$message_type":"diagnostic","level":"warning","loc":{"path":"/home/mizchi/mizchi/lsmcp/examples/moonbit-project/src/test/test_diagnostics.mbt","start":{"line":62,"col":4},"end":{"line":62,"col":20}},"message":"Warning: Unused function 'invalid_operator'","error_code":1}
{"$message_type":"diagnostic","level":"error","loc":{"path":"/home/mizchi/mizchi/lsmcp/examples/moonbit-project/src/test/test_diagnostics.mbt","start":{"line":65,"col":13},"end":{"line":65,"col":14}},"message":"Type String does not implement trait Sub: no `impl` is defined","error_code":4018}
